<?xml version="1.0" encoding="UTF-8"?>
<!-- Generated by org.testng.reporters.JUnitXMLReporter -->
<testsuite ignored="0" hostname="DESKTOP-DJ4FDME" failures="0" tests="3" name="Default test" time="20.975" errors="0" timestamp="2024-12-11T21:51:47 IST">
  <testcase classname="org.wipro.automation.au.testcases.LoginScenario_DDF" name="tc01_vloginfunct" time="0.677"/>
  <testcase classname="org.wipro.automation.au.testcases.LoginScenario_DDF" name="tc01_vloginfunct" time="0.827"/>
  <testcase classname="org.wipro.automation.au.testcases.LoginScenario_DDF" name="tc01_vloginfunct" time="0.781"/>
</testsuite> <!-- Default test -->
