<?xml version="1.0" encoding="UTF-8"?>
<!-- Generated by org.testng.reporters.JUnitXMLReporter -->
<testsuite ignored="2" hostname="DESKTOP-DJ4FDME" failures="0" tests="2" name="Test" time="23.57" errors="0" timestamp="2024-12-06T21:33:13 IST">
  <testcase classname="org.xyz.automation.abc.HandleKbMsWi" name="handlealerts" time="4.322"/>
  <testcase classname="org.xyz.automation.abc.HandleKbMsWi" name="handleframes" time="19.192"/>
  <testcase classname="org.xyz.automation.abc.HandleKbMsWi" name="handlemouse" time="0.0">
    <ignored/>
  </testcase> <!-- handlemouse -->
  <testcase classname="org.xyz.automation.abc.HandleKbMsWi" name="handleKeyboard" time="0.0">
    <ignored/>
  </testcase> <!-- handleKeyboard -->
</testsuite> <!-- Test -->
