<?xml version="1.0" encoding="UTF-8"?>
<testng-results ignored="0" total="1" passed="1" failed="0" skipped="0">
  <reporter-output>
  </reporter-output>
  <suite started-at="2024-12-13T21:39:04 IST" name="Default suite" finished-at="2024-12-13T21:39:09 IST" duration-ms="5483">
    <groups>
    </groups>
    <test started-at="2024-12-13T21:39:04 IST" name="Default test" finished-at="2024-12-13T21:39:09 IST" duration-ms="5483">
      <class name="org.wipro.automation.au.testcases.SwagLoginScenario">
        <test-method is-config="true" signature="launchbrowser()[pri:0, instance:org.wipro.automation.au.testcases.SwagLoginScenario@2af004b]" started-at="2024-12-13T21:39:04 IST" name="launchbrowser" finished-at="2024-12-13T21:39:09 IST" duration-ms="4993" status="PASS">
          <reporter-output>
          </reporter-output>
        </test-method> <!-- launchbrowser -->
        <test-method signature="tc01_validate_validcred_loginfunct()[pri:0, instance:org.wipro.automation.au.testcases.SwagLoginScenario@2af004b]" started-at="2024-12-13T21:39:09 IST" name="tc01_validate_validcred_loginfunct" finished-at="2024-12-13T21:39:09 IST" duration-ms="406" status="PASS">
          <reporter-output>
          </reporter-output>
        </test-method> <!-- tc01_validate_validcred_loginfunct -->
        <test-method is-config="true" signature="closebrowser()[pri:0, instance:org.wipro.automation.au.testcases.SwagLoginScenario@2af004b]" started-at="2024-12-13T21:39:09 IST" name="closebrowser" finished-at="2024-12-13T21:39:09 IST" duration-ms="0" status="PASS">
          <reporter-output>
          </reporter-output>
        </test-method> <!-- closebrowser -->
      </class> <!-- org.wipro.automation.au.testcases.SwagLoginScenario -->
    </test> <!-- Default test -->
  </suite> <!-- Default suite -->
</testng-results>
