<?xml version="1.0" encoding="UTF-8"?>
<testng-results ignored="0" total="3" passed="3" failed="0" skipped="0">
  <reporter-output>
  </reporter-output>
  <suite started-at="2024-12-11T21:51:26 IST" name="Default suite" finished-at="2024-12-11T21:51:47 IST" duration-ms="20975">
    <groups>
    </groups>
    <test started-at="2024-12-11T21:51:26 IST" name="Default test" finished-at="2024-12-11T21:51:47 IST" duration-ms="20975">
      <class name="org.wipro.automation.au.testcases.LoginScenario_DDF">
        <test-method is-config="true" signature="launchbrowser()[pri:0, instance:org.wipro.automation.au.testcases.LoginScenario_DDF@548d708a]" started-at="2024-12-11T21:51:26 IST" name="launchbrowser" finished-at="2024-12-11T21:51:32 IST" duration-ms="6508" status="PASS">
          <reporter-output>
          </reporter-output>
        </test-method> <!-- launchbrowser -->
        <test-method signature="tc01_vloginfunct(java.lang.String,java.lang.String)[pri:0, instance:org.wipro.automation.au.testcases.LoginScenario_DDF@548d708a]" started-at="2024-12-11T21:51:32 IST" name="tc01_vloginfunct" data-provider="ddf_data" finished-at="2024-12-11T21:51:33 IST" duration-ms="677" status="PASS">
          <params>
            <param index="0">
              <value>
                <![CDATA[user1]]>
              </value>
            </param>
            <param index="1">
              <value>
                <![CDATA[pass1]]>
              </value>
            </param>
          </params>
          <reporter-output>
          </reporter-output>
        </test-method> <!-- tc01_vloginfunct -->
        <test-method is-config="true" signature="closebrowser()[pri:0, instance:org.wipro.automation.au.testcases.LoginScenario_DDF@548d708a]" started-at="2024-12-11T21:51:33 IST" name="closebrowser" finished-at="2024-12-11T21:51:33 IST" duration-ms="1" status="PASS">
          <reporter-output>
          </reporter-output>
        </test-method> <!-- closebrowser -->
        <test-method is-config="true" signature="launchbrowser()[pri:0, instance:org.wipro.automation.au.testcases.LoginScenario_DDF@548d708a]" started-at="2024-12-11T21:51:33 IST" name="launchbrowser" finished-at="2024-12-11T21:51:39 IST" duration-ms="5679" status="PASS">
          <reporter-output>
          </reporter-output>
        </test-method> <!-- launchbrowser -->
        <test-method signature="tc01_vloginfunct(java.lang.String,java.lang.String)[pri:0, instance:org.wipro.automation.au.testcases.LoginScenario_DDF@548d708a]" started-at="2024-12-11T21:51:39 IST" name="tc01_vloginfunct" data-provider="ddf_data" finished-at="2024-12-11T21:51:39 IST" duration-ms="827" status="PASS">
          <params>
            <param index="0">
              <value>
                <![CDATA[user2]]>
              </value>
            </param>
            <param index="1">
              <value>
                <![CDATA[pass2]]>
              </value>
            </param>
          </params>
          <reporter-output>
          </reporter-output>
        </test-method> <!-- tc01_vloginfunct -->
        <test-method is-config="true" signature="closebrowser()[pri:0, instance:org.wipro.automation.au.testcases.LoginScenario_DDF@548d708a]" started-at="2024-12-11T21:51:39 IST" name="closebrowser" finished-at="2024-12-11T21:51:39 IST" duration-ms="1" status="PASS">
          <reporter-output>
          </reporter-output>
        </test-method> <!-- closebrowser -->
        <test-method is-config="true" signature="launchbrowser()[pri:0, instance:org.wipro.automation.au.testcases.LoginScenario_DDF@548d708a]" started-at="2024-12-11T21:51:39 IST" name="launchbrowser" finished-at="2024-12-11T21:51:46 IST" duration-ms="6380" status="PASS">
          <reporter-output>
          </reporter-output>
        </test-method> <!-- launchbrowser -->
        <test-method signature="tc01_vloginfunct(java.lang.String,java.lang.String)[pri:0, instance:org.wipro.automation.au.testcases.LoginScenario_DDF@548d708a]" started-at="2024-12-11T21:51:46 IST" name="tc01_vloginfunct" data-provider="ddf_data" finished-at="2024-12-11T21:51:47 IST" duration-ms="781" status="PASS">
          <params>
            <param index="0">
              <value>
                <![CDATA[user3]]>
              </value>
            </param>
            <param index="1">
              <value>
                <![CDATA[pass3]]>
              </value>
            </param>
          </params>
          <reporter-output>
          </reporter-output>
        </test-method> <!-- tc01_vloginfunct -->
        <test-method is-config="true" signature="closebrowser()[pri:0, instance:org.wipro.automation.au.testcases.LoginScenario_DDF@548d708a]" started-at="2024-12-11T21:51:47 IST" name="closebrowser" finished-at="2024-12-11T21:51:47 IST" duration-ms="1" status="PASS">
          <reporter-output>
          </reporter-output>
        </test-method> <!-- closebrowser -->
      </class> <!-- org.wipro.automation.au.testcases.LoginScenario_DDF -->
    </test> <!-- Default test -->
  </suite> <!-- Default suite -->
</testng-results>
